c:\users\16026\desktop\release\kernel driver\kerneldriver\kerneldriver\x64\release\vc143.pdb
c:\users\16026\desktop\release\kernel driver\kerneldriver\kerneldriver\x64\release\entry.obj
c:\users\16026\desktop\release\kernel driver\kerneldriver\x64\release\kerneldriver\kerneldriver.cat
c:\users\16026\desktop\release\kernel driver\kerneldriver\x64\release\kerneldriver.sys
c:\users\16026\desktop\release\kernel driver\kerneldriver\x64\release\kerneldriver.pdb
c:\users\16026\desktop\release\kernel driver\kerneldriver\kerneldriver\x64\release\kerneldriver.inf
c:\users\16026\desktop\release\kernel driver\kerneldriver\x64\release\kerneldriver.cer
c:\users\16026\desktop\release\kernel driver\kerneldriver\x64\release\kerneldriver.inf
c:\users\16026\desktop\release\kernel driver\kerneldriver\kerneldriver\x64\release\kerneldriver.tlog\cl.command.1.tlog
c:\users\16026\desktop\release\kernel driver\kerneldriver\kerneldriver\x64\release\kerneldriver.tlog\cl.read.1.tlog
c:\users\16026\desktop\release\kernel driver\kerneldriver\kerneldriver\x64\release\kerneldriver.tlog\cl.write.1.tlog
c:\users\16026\desktop\release\kernel driver\kerneldriver\kerneldriver\x64\release\kerneldriver.tlog\inf2cat-expand.15904.read.1.tlog
c:\users\16026\desktop\release\kernel driver\kerneldriver\kerneldriver\x64\release\kerneldriver.tlog\inf2cat-expand.15904.write.1.tlog
c:\users\16026\desktop\release\kernel driver\kerneldriver\kerneldriver\x64\release\kerneldriver.tlog\inf2cat-expand.17992.read.1.tlog
c:\users\16026\desktop\release\kernel driver\kerneldriver\kerneldriver\x64\release\kerneldriver.tlog\inf2cat-expand.17992.write.1.tlog
c:\users\16026\desktop\release\kernel driver\kerneldriver\kerneldriver\x64\release\kerneldriver.tlog\inf2cat-expand.22936.read.1.tlog
c:\users\16026\desktop\release\kernel driver\kerneldriver\kerneldriver\x64\release\kerneldriver.tlog\inf2cat-expand.22936.write.1.tlog
c:\users\16026\desktop\release\kernel driver\kerneldriver\kerneldriver\x64\release\kerneldriver.tlog\inf2cat-expand.24652.read.1.tlog
c:\users\16026\desktop\release\kernel driver\kerneldriver\kerneldriver\x64\release\kerneldriver.tlog\inf2cat-expand.24652.write.1.tlog
c:\users\16026\desktop\release\kernel driver\kerneldriver\kerneldriver\x64\release\kerneldriver.tlog\inf2cat-expand.27372.read.1.tlog
c:\users\16026\desktop\release\kernel driver\kerneldriver\kerneldriver\x64\release\kerneldriver.tlog\inf2cat-expand.27372.write.1.tlog
c:\users\16026\desktop\release\kernel driver\kerneldriver\kerneldriver\x64\release\kerneldriver.tlog\inf2cat-expand.read.1.tlog
c:\users\16026\desktop\release\kernel driver\kerneldriver\kerneldriver\x64\release\kerneldriver.tlog\inf2cat-expand.write.1.tlog
c:\users\16026\desktop\release\kernel driver\kerneldriver\kerneldriver\x64\release\kerneldriver.tlog\inf2cat.command.1.tlog
c:\users\16026\desktop\release\kernel driver\kerneldriver\kerneldriver\x64\release\kerneldriver.tlog\inf2cat.read.1.tlog
c:\users\16026\desktop\release\kernel driver\kerneldriver\kerneldriver\x64\release\kerneldriver.tlog\inf2cat.write.1.tlog
c:\users\16026\desktop\release\kernel driver\kerneldriver\kerneldriver\x64\release\kerneldriver.tlog\link.command.1.tlog
c:\users\16026\desktop\release\kernel driver\kerneldriver\kerneldriver\x64\release\kerneldriver.tlog\link.read.1.tlog
c:\users\16026\desktop\release\kernel driver\kerneldriver\kerneldriver\x64\release\kerneldriver.tlog\link.write.1.tlog
c:\users\16026\desktop\release\kernel driver\kerneldriver\kerneldriver\x64\release\kerneldriver.tlog\signtool.command.1.tlog
c:\users\16026\desktop\release\kernel driver\kerneldriver\kerneldriver\x64\release\kerneldriver.tlog\signtool.read.1.tlog
c:\users\16026\desktop\release\kernel driver\kerneldriver\kerneldriver\x64\release\kerneldriver.tlog\signtool.timestamp.1.tlog
c:\users\16026\desktop\release\kernel driver\kerneldriver\kerneldriver\x64\release\kerneldriver.tlog\signtool.write.1.tlog
c:\users\16026\desktop\release\kernel driver\kerneldriver\kerneldriver\x64\release\kerneldriver.tlog\stampinf.command.1.tlog
c:\users\16026\desktop\release\kernel driver\kerneldriver\kerneldriver\x64\release\kerneldriver.tlog\stampinf.read.1.tlog
c:\users\16026\desktop\release\kernel driver\kerneldriver\kerneldriver\x64\release\kerneldriver.tlog\stampinf.write.1.tlog
